[0m[[0m[0mdebug[0m] [0m[0m> Exec(assembly, None, None)[0m
[0m[[0m[0mdebug[0m] [0m[0mEvaluating tasks: assembly[0m
[0m[[0m[0mdebug[0m] [0m[0mRunning task... Cancel: Signal, check cycles: false, forcegc: true[0m
[0m[[0m[33mwarn[0m] [0m[0mmultiple main classes detected: run 'show discoveredMainClasses' to see the list[0m
[0m[[0m[31merror[0m] [0m[0m22 errors were encountered during merge[0m
[0m[[0m[31merror[0m] [0m[0mjava.lang.RuntimeException: deduplicate: different file contents found in the following:[0m
[0m[[0m[31merror[0m] [0m[0m/home/phinguyen/.cache/coursier/v1/https/repo1.maven.org/maven2/io/netty/netty-all/4.1.96.Final/netty-all-4.1.96.Final.jar:META-INF/io.netty.versions.properties[0m
[0m[[0m[31merror[0m] [0m[0m/home/phinguyen/.cache/coursier/v1/https/repo1.maven.org/maven2/io/netty/netty-buffer/4.1.96.Final/netty-buffer-4.1.96.Final.jar:META-INF/io.netty.versions.properties[0m
[0m[[0m[31merror[0m] [0m[0m/home/phinguyen/.cache/coursier/v1/https/repo1.maven.org/maven2/io/netty/netty-codec-http/4.1.96.Final/netty-codec-http-4.1.96.Final.jar:META-INF/io.netty.versions.properties[0m
[0m[[0m[31merror[0m] [0m[0m/home/phinguyen/.cache/coursier/v1/https/repo1.maven.org/maven2/io/netty/netty-codec-http2/4.1.96.Final/netty-codec-http2-4.1.96.Final.jar:META-INF/io.netty.versions.properties[0m
[0m[[0m[31merror[0m] [0m[0m/home/phinguyen/.cache/coursier/v1/https/repo1.maven.org/maven2/io/netty/netty-codec-socks/4.1.96.Final/netty-codec-socks-4.1.96.Final.jar:META-INF/io.netty.versions.properties[0m
[0m[[0m[31merror[0m] [0m[0m/home/phinguyen/.cache/coursier/v1/https/repo1.maven.org/maven2/io/netty/netty-codec/4.1.96.Final/netty-codec-4.1.96.Final.jar:META-INF/io.netty.versions.properties[0m
[0m[[0m[31merror[0m] [0m[0m/home/phinguyen/.cache/coursier/v1/https/repo1.maven.org/maven2/io/netty/netty-common/4.1.96.Final/netty-common-4.1.96.Final.jar:META-INF/io.netty.versions.properties[0m
[0m[[0m[31merror[0m] [0m[0m/home/phinguyen/.cache/coursier/v1/https/repo1.maven.org/maven2/io/netty/netty-handler-proxy/4.1.96.Final/netty-handler-proxy-4.1.96.Final.jar:META-INF/io.netty.versions.properties[0m
[0m[[0m[31merror[0m] [0m[0m/home/phinguyen/.cache/coursier/v1/https/repo1.maven.org/maven2/io/netty/netty-handler/4.1.96.Final/netty-handler-4.1.96.Final.jar:META-INF/io.netty.versions.properties[0m
[0m[[0m[31merror[0m] [0m[0m/home/phinguyen/.cache/coursier/v1/https/repo1.maven.org/maven2/io/netty/netty-resolver/4.1.96.Final/netty-resolver-4.1.96.Final.jar:META-INF/io.netty.versions.properties[0m
[0m[[0m[31merror[0m] [0m[0m/home/phinguyen/.cache/coursier/v1/https/repo1.maven.org/maven2/io/netty/netty-transport-classes-epoll/4.1.96.Final/netty-transport-classes-epoll-4.1.96.Final.jar:META-INF/io.netty.versions.properties[0m
[0m[[0m[31merror[0m] [0m[0m/home/phinguyen/.cache/coursier/v1/https/repo1.maven.org/maven2/io/netty/netty-transport-classes-kqueue/4.1.96.Final/netty-transport-classes-kqueue-4.1.96.Final.jar:META-INF/io.netty.versions.properties[0m
[0m[[0m[31merror[0m] [0m[0m/home/phinguyen/.cache/coursier/v1/https/repo1.maven.org/maven2/io/netty/netty-transport-native-epoll/4.1.96.Final/netty-transport-native-epoll-4.1.96.Final-linux-aarch_64.jar:META-INF/io.netty.versions.properties[0m
[0m[[0m[31merror[0m] [0m[0m/home/phinguyen/.cache/coursier/v1/https/repo1.maven.org/maven2/io/netty/netty-transport-native-epoll/4.1.96.Final/netty-transport-native-epoll-4.1.96.Final-linux-x86_64.jar:META-INF/io.netty.versions.properties[0m
[0m[[0m[31merror[0m] [0m[0m/home/phinguyen/.cache/coursier/v1/https/repo1.maven.org/maven2/io/netty/netty-transport-native-epoll/4.1.96.Final/netty-transport-native-epoll-4.1.96.Final.jar:META-INF/io.netty.versions.properties[0m
[0m[[0m[31merror[0m] [0m[0m/home/phinguyen/.cache/coursier/v1/https/repo1.maven.org/maven2/io/netty/netty-transport-native-kqueue/4.1.96.Final/netty-transport-native-kqueue-4.1.96.Final-osx-aarch_64.jar:META-INF/io.netty.versions.properties[0m
[0m[[0m[31merror[0m] [0m[0m/home/phinguyen/.cache/coursier/v1/https/repo1.maven.org/maven2/io/netty/netty-transport-native-kqueue/4.1.96.Final/netty-transport-native-kqueue-4.1.96.Final-osx-x86_64.jar:META-INF/io.netty.versions.properties[0m
[0m[[0m[31merror[0m] [0m[0m/home/phinguyen/.cache/coursier/v1/https/repo1.maven.org/maven2/io/netty/netty-transport-native-unix-common/4.1.96.Final/netty-transport-native-unix-common-4.1.96.Final.jar:META-INF/io.netty.versions.properties[0m
[0m[[0m[31merror[0m] [0m[0m/home/phinguyen/.cache/coursier/v1/https/repo1.maven.org/maven2/io/netty/netty-transport/4.1.96.Final/netty-transport-4.1.96.Final.jar:META-INF/io.netty.versions.properties[0m
[0m[[0m[31merror[0m] [0m[0mdeduplicate: different file contents found in the following:[0m
[0m[[0m[31merror[0m] [0m[0m/home/phinguyen/.cache/coursier/v1/https/repo1.maven.org/maven2/org/apache/logging/log4j/log4j-1.2-api/2.20.0/log4j-1.2-api-2.20.0.jar:META-INF/org/apache/logging/log4j/core/config/plugins/Log4j2Plugins.dat[0m
[0m[[0m[31merror[0m] [0m[0m/home/phinguyen/.cache/coursier/v1/https/repo1.maven.org/maven2/org/apache/logging/log4j/log4j-core/2.20.0/log4j-core-2.20.0.jar:META-INF/org/apache/logging/log4j/core/config/plugins/Log4j2Plugins.dat[0m
[0m[[0m[31merror[0m] [0m[0mdeduplicate: different file contents found in the following:[0m
[0m[[0m[31merror[0m] [0m[0m/home/phinguyen/.cache/coursier/v1/https/repo1.maven.org/maven2/org/apache/datasketches/datasketches-memory/2.1.0/datasketches-memory-2.1.0.jar:META-INF/versions/11/module-info.class[0m
[0m[[0m[31merror[0m] [0m[0m/home/phinguyen/.cache/coursier/v1/https/repo1.maven.org/maven2/org/apache/hadoop/hadoop-client-runtime/3.3.4/hadoop-client-runtime-3.3.4.jar:META-INF/versions/11/module-info.class[0m
[0m[[0m[31merror[0m] [0m[0mdeduplicate: different file contents found in the following:[0m
[0m[[0m[31merror[0m] [0m[0m/home/phinguyen/.cache/coursier/v1/https/repo1.maven.org/maven2/com/fasterxml/jackson/core/jackson-core/2.15.2/jackson-core-2.15.2.jar:META-INF/versions/9/module-info.class[0m
[0m[[0m[31merror[0m] [0m[0m/home/phinguyen/.cache/coursier/v1/https/repo1.maven.org/maven2/com/fasterxml/jackson/core/jackson-databind/2.15.2/jackson-databind-2.15.2.jar:META-INF/versions/9/module-info.class[0m
[0m[[0m[31merror[0m] [0m[0m/home/phinguyen/.cache/coursier/v1/https/repo1.maven.org/maven2/com/fasterxml/jackson/datatype/jackson-datatype-jsr310/2.15.1/jackson-datatype-jsr310-2.15.1.jar:META-INF/versions/9/module-info.class[0m
[0m[[0m[31merror[0m] [0m[0m/home/phinguyen/.cache/coursier/v1/https/repo1.maven.org/maven2/com/google/code/gson/gson/2.10.1/gson-2.10.1.jar:META-INF/versions/9/module-info.class[0m
[0m[[0m[31merror[0m] [0m[0m/home/phinguyen/.cache/coursier/v1/https/repo1.maven.org/maven2/commons-codec/commons-codec/1.16.1/commons-codec-1.16.1.jar:META-INF/versions/9/module-info.class[0m
[0m[[0m[31merror[0m] [0m[0m/home/phinguyen/.cache/coursier/v1/https/repo1.maven.org/maven2/commons-io/commons-io/2.16.1/commons-io-2.16.1.jar:META-INF/versions/9/module-info.class[0m
[0m[[0m[31merror[0m] [0m[0m/home/phinguyen/.cache/coursier/v1/https/repo1.maven.org/maven2/org/apache/logging/log4j/log4j-api/2.20.0/log4j-api-2.20.0.jar:META-INF/versions/9/module-info.class[0m
[0m[[0m[31merror[0m] [0m[0m/home/phinguyen/.cache/coursier/v1/https/repo1.maven.org/maven2/org/apache/parquet/parquet-jackson/1.13.1/parquet-jackson-1.13.1.jar:META-INF/versions/9/module-info.class[0m
[0m[[0m[31merror[0m] [0m[0m/home/phinguyen/.cache/coursier/v1/https/repo1.maven.org/maven2/org/slf4j/jcl-over-slf4j/2.0.7/jcl-over-slf4j-2.0.7.jar:META-INF/versions/9/module-info.class[0m
[0m[[0m[31merror[0m] [0m[0m/home/phinguyen/.cache/coursier/v1/https/repo1.maven.org/maven2/org/slf4j/slf4j-api/2.0.7/slf4j-api-2.0.7.jar:META-INF/versions/9/module-info.class[0m
[0m[[0m[31merror[0m] [0m[0m/home/phinguyen/.cache/coursier/v1/https/repo1.maven.org/maven2/org/tukaani/xz/1.9/xz-1.9.jar:META-INF/versions/9/module-info.class[0m
[0m[[0m[31merror[0m] [0m[0mdeduplicate: different file contents found in the following:[0m
[0m[[0m[31merror[0m] [0m[0m/home/phinguyen/.cache/coursier/v1/https/repo1.maven.org/maven2/org/apache/arrow/arrow-format/12.0.1/arrow-format-12.0.1.jar:arrow-git.properties[0m
[0m[[0m[31merror[0m] [0m[0m/home/phinguyen/.cache/coursier/v1/https/repo1.maven.org/maven2/org/apache/arrow/arrow-memory-core/12.0.1/arrow-memory-core-12.0.1.jar:arrow-git.properties[0m
[0m[[0m[31merror[0m] [0m[0m/home/phinguyen/.cache/coursier/v1/https/repo1.maven.org/maven2/org/apache/arrow/arrow-memory-netty/12.0.1/arrow-memory-netty-12.0.1.jar:arrow-git.properties[0m
[0m[[0m[31merror[0m] [0m[0m/home/phinguyen/.cache/coursier/v1/https/repo1.maven.org/maven2/org/apache/arrow/arrow-vector/12.0.1/arrow-vector-12.0.1.jar:arrow-git.properties[0m
[0m[[0m[31merror[0m] [0m[0mdeduplicate: different file contents found in the following:[0m
[0m[[0m[31merror[0m] [0m[0m/home/phinguyen/.cache/coursier/v1/https/repo1.maven.org/maven2/com/google/protobuf/protobuf-java/3.19.6/protobuf-java-3.19.6.jar:google/protobuf/any.proto[0m
[0m[[0m[31merror[0m] [0m[0m/home/phinguyen/.cache/coursier/v1/https/repo1.maven.org/maven2/org/apache/spark/spark-core_2.12/3.5.2/spark-core_2.12-3.5.2.jar:google/protobuf/any.proto[0m
[0m[[0m[31merror[0m] [0m[0mdeduplicate: different file contents found in the following:[0m
[0m[[0m[31merror[0m] [0m[0m/home/phinguyen/.cache/coursier/v1/https/repo1.maven.org/maven2/com/google/protobuf/protobuf-java/3.19.6/protobuf-java-3.19.6.jar:google/protobuf/api.proto[0m
[0m[[0m[31merror[0m] [0m[0m/home/phinguyen/.cache/coursier/v1/https/repo1.maven.org/maven2/org/apache/spark/spark-core_2.12/3.5.2/spark-core_2.12-3.5.2.jar:google/protobuf/api.proto[0m
[0m[[0m[31merror[0m] [0m[0mdeduplicate: different file contents found in the following:[0m
[0m[[0m[31merror[0m] [0m[0m/home/phinguyen/.cache/coursier/v1/https/repo1.maven.org/maven2/com/google/protobuf/protobuf-java/3.19.6/protobuf-java-3.19.6.jar:google/protobuf/descriptor.proto[0m
[0m[[0m[31merror[0m] [0m[0m/home/phinguyen/.cache/coursier/v1/https/repo1.maven.org/maven2/org/apache/spark/spark-core_2.12/3.5.2/spark-core_2.12-3.5.2.jar:google/protobuf/descriptor.proto[0m
[0m[[0m[31merror[0m] [0m[0mdeduplicate: different file contents found in the following:[0m
[0m[[0m[31merror[0m] [0m[0m/home/phinguyen/.cache/coursier/v1/https/repo1.maven.org/maven2/com/google/protobuf/protobuf-java/3.19.6/protobuf-java-3.19.6.jar:google/protobuf/duration.proto[0m
[0m[[0m[31merror[0m] [0m[0m/home/phinguyen/.cache/coursier/v1/https/repo1.maven.org/maven2/org/apache/spark/spark-core_2.12/3.5.2/spark-core_2.12-3.5.2.jar:google/protobuf/duration.proto[0m
[0m[[0m[31merror[0m] [0m[0mdeduplicate: different file contents found in the following:[0m
[0m[[0m[31merror[0m] [0m[0m/home/phinguyen/.cache/coursier/v1/https/repo1.maven.org/maven2/com/google/protobuf/protobuf-java/3.19.6/protobuf-java-3.19.6.jar:google/protobuf/empty.proto[0m
[0m[[0m[31merror[0m] [0m[0m/home/phinguyen/.cache/coursier/v1/https/repo1.maven.org/maven2/org/apache/spark/spark-core_2.12/3.5.2/spark-core_2.12-3.5.2.jar:google/protobuf/empty.proto[0m
[0m[[0m[31merror[0m] [0m[0mdeduplicate: different file contents found in the following:[0m
[0m[[0m[31merror[0m] [0m[0m/home/phinguyen/.cache/coursier/v1/https/repo1.maven.org/maven2/com/google/protobuf/protobuf-java/3.19.6/protobuf-java-3.19.6.jar:google/protobuf/field_mask.proto[0m
[0m[[0m[31merror[0m] [0m[0m/home/phinguyen/.cache/coursier/v1/https/repo1.maven.org/maven2/org/apache/spark/spark-core_2.12/3.5.2/spark-core_2.12-3.5.2.jar:google/protobuf/field_mask.proto[0m
[0m[[0m[31merror[0m] [0m[0mdeduplicate: different file contents found in the following:[0m
[0m[[0m[31merror[0m] [0m[0m/home/phinguyen/.cache/coursier/v1/https/repo1.maven.org/maven2/com/google/protobuf/protobuf-java/3.19.6/protobuf-java-3.19.6.jar:google/protobuf/source_context.proto[0m
[0m[[0m[31merror[0m] [0m[0m/home/phinguyen/.cache/coursier/v1/https/repo1.maven.org/maven2/org/apache/spark/spark-core_2.12/3.5.2/spark-core_2.12-3.5.2.jar:google/protobuf/source_context.proto[0m
[0m[[0m[31merror[0m] [0m[0mdeduplicate: different file contents found in the following:[0m
[0m[[0m[31merror[0m] [0m[0m/home/phinguyen/.cache/coursier/v1/https/repo1.maven.org/maven2/com/google/protobuf/protobuf-java/3.19.6/protobuf-java-3.19.6.jar:google/protobuf/struct.proto[0m
[0m[[0m[31merror[0m] [0m[0m/home/phinguyen/.cache/coursier/v1/https/repo1.maven.org/maven2/org/apache/spark/spark-core_2.12/3.5.2/spark-core_2.12-3.5.2.jar:google/protobuf/struct.proto[0m
[0m[[0m[31merror[0m] [0m[0mdeduplicate: different file contents found in the following:[0m
[0m[[0m[31merror[0m] [0m[0m/home/phinguyen/.cache/coursier/v1/https/repo1.maven.org/maven2/com/google/protobuf/protobuf-java/3.19.6/protobuf-java-3.19.6.jar:google/protobuf/timestamp.proto[0m
[0m[[0m[31merror[0m] [0m[0m/home/phinguyen/.cache/coursier/v1/https/repo1.maven.org/maven2/org/apache/spark/spark-core_2.12/3.5.2/spark-core_2.12-3.5.2.jar:google/protobuf/timestamp.proto[0m
[0m[[0m[31merror[0m] [0m[0mdeduplicate: different file contents found in the following:[0m
[0m[[0m[31merror[0m] [0m[0m/home/phinguyen/.cache/coursier/v1/https/repo1.maven.org/maven2/com/google/protobuf/protobuf-java/3.19.6/protobuf-java-3.19.6.jar:google/protobuf/type.proto[0m
[0m[[0m[31merror[0m] [0m[0m/home/phinguyen/.cache/coursier/v1/https/repo1.maven.org/maven2/org/apache/spark/spark-core_2.12/3.5.2/spark-core_2.12-3.5.2.jar:google/protobuf/type.proto[0m
[0m[[0m[31merror[0m] [0m[0mdeduplicate: different file contents found in the following:[0m
[0m[[0m[31merror[0m] [0m[0m/home/phinguyen/.cache/coursier/v1/https/repo1.maven.org/maven2/com/google/protobuf/protobuf-java/3.19.6/protobuf-java-3.19.6.jar:google/protobuf/wrappers.proto[0m
[0m[[0m[31merror[0m] [0m[0m/home/phinguyen/.cache/coursier/v1/https/repo1.maven.org/maven2/org/apache/spark/spark-core_2.12/3.5.2/spark-core_2.12-3.5.2.jar:google/protobuf/wrappers.proto[0m
[0m[[0m[31merror[0m] [0m[0mdeduplicate: different file contents found in the following:[0m
[0m[[0m[31merror[0m] [0m[0m/home/phinguyen/.cache/coursier/v1/https/repo1.maven.org/maven2/com/fasterxml/jackson/core/jackson-annotations/2.15.2/jackson-annotations-2.15.2.jar:module-info.class[0m
[0m[[0m[31merror[0m] [0m[0m/home/phinguyen/.cache/coursier/v1/https/repo1.maven.org/maven2/com/ning/compress-lzf/1.1.2/compress-lzf-1.1.2.jar:module-info.class[0m
[0m[[0m[31merror[0m] [0m[0m/home/phinguyen/.cache/coursier/v1/https/repo1.maven.org/maven2/jakarta/ws/rs/jakarta.ws.rs-api/2.1.6/jakarta.ws.rs-api-2.1.6.jar:module-info.class[0m
[0m[[0m[31merror[0m] [0m[0m/home/phinguyen/.cache/coursier/v1/https/repo1.maven.org/maven2/org/threeten/threeten-extra/1.7.1/threeten-extra-1.7.1.jar:module-info.class[0m
[0m[[0m[31merror[0m] [0m[0mdeduplicate: different file contents found in the following:[0m
[0m[[0m[31merror[0m] [0m[0m/home/phinguyen/.cache/coursier/v1/https/repo1.maven.org/maven2/commons-logging/commons-logging/1.1.3/commons-logging-1.1.3.jar:org/apache/commons/logging/Log.class[0m
[0m[[0m[31merror[0m] [0m[0m/home/phinguyen/.cache/coursier/v1/https/repo1.maven.org/maven2/org/slf4j/jcl-over-slf4j/2.0.7/jcl-over-slf4j-2.0.7.jar:org/apache/commons/logging/Log.class[0m
[0m[[0m[31merror[0m] [0m[0mdeduplicate: different file contents found in the following:[0m
[0m[[0m[31merror[0m] [0m[0m/home/phinguyen/.cache/coursier/v1/https/repo1.maven.org/maven2/commons-logging/commons-logging/1.1.3/commons-logging-1.1.3.jar:org/apache/commons/logging/LogConfigurationException.class[0m
[0m[[0m[31merror[0m] [0m[0m/home/phinguyen/.cache/coursier/v1/https/repo1.maven.org/maven2/org/slf4j/jcl-over-slf4j/2.0.7/jcl-over-slf4j-2.0.7.jar:org/apache/commons/logging/LogConfigurationException.class[0m
[0m[[0m[31merror[0m] [0m[0mdeduplicate: different file contents found in the following:[0m
[0m[[0m[31merror[0m] [0m[0m/home/phinguyen/.cache/coursier/v1/https/repo1.maven.org/maven2/commons-logging/commons-logging/1.1.3/commons-logging-1.1.3.jar:org/apache/commons/logging/LogFactory.class[0m
[0m[[0m[31merror[0m] [0m[0m/home/phinguyen/.cache/coursier/v1/https/repo1.maven.org/maven2/org/slf4j/jcl-over-slf4j/2.0.7/jcl-over-slf4j-2.0.7.jar:org/apache/commons/logging/LogFactory.class[0m
[0m[[0m[31merror[0m] [0m[0mdeduplicate: different file contents found in the following:[0m
[0m[[0m[31merror[0m] [0m[0m/home/phinguyen/.cache/coursier/v1/https/repo1.maven.org/maven2/commons-logging/commons-logging/1.1.3/commons-logging-1.1.3.jar:org/apache/commons/logging/impl/NoOpLog.class[0m
[0m[[0m[31merror[0m] [0m[0m/home/phinguyen/.cache/coursier/v1/https/repo1.maven.org/maven2/org/slf4j/jcl-over-slf4j/2.0.7/jcl-over-slf4j-2.0.7.jar:org/apache/commons/logging/impl/NoOpLog.class[0m
[0m[[0m[31merror[0m] [0m[0mdeduplicate: different file contents found in the following:[0m
[0m[[0m[31merror[0m] [0m[0m/home/phinguyen/.cache/coursier/v1/https/repo1.maven.org/maven2/commons-logging/commons-logging/1.1.3/commons-logging-1.1.3.jar:org/apache/commons/logging/impl/SimpleLog.class[0m
[0m[[0m[31merror[0m] [0m[0m/home/phinguyen/.cache/coursier/v1/https/repo1.maven.org/maven2/org/slf4j/jcl-over-slf4j/2.0.7/jcl-over-slf4j-2.0.7.jar:org/apache/commons/logging/impl/SimpleLog.class[0m
[0m[[0m[31merror[0m] [0m[0m	at sbtassembly.Assembly$.applyStrategies(Assembly.scala:203)[0m
[0m[[0m[31merror[0m] [0m[0m	at sbtassembly.Assembly$.x$1$lzycompute$1(Assembly.scala:47)[0m
[0m[[0m[31merror[0m] [0m[0m	at sbtassembly.Assembly$.x$1$1(Assembly.scala:45)[0m
[0m[[0m[31merror[0m] [0m[0m	at sbtassembly.Assembly$.stratMapping$lzycompute$1(Assembly.scala:45)[0m
[0m[[0m[31merror[0m] [0m[0m	at sbtassembly.Assembly$.stratMapping$1(Assembly.scala:45)[0m
[0m[[0m[31merror[0m] [0m[0m	at sbtassembly.Assembly$.inputs$lzycompute$1(Assembly.scala:128)[0m
[0m[[0m[31merror[0m] [0m[0m	at sbtassembly.Assembly$.inputs$1(Assembly.scala:118)[0m
[0m[[0m[31merror[0m] [0m[0m	at sbtassembly.Assembly$.apply(Assembly.scala:145)[0m
[0m[[0m[31merror[0m] [0m[0m	at sbtassembly.Assembly$.$anonfun$assemblyTask$1(Assembly.scala:320)[0m
[0m[[0m[31merror[0m] [0m[0m	at scala.Function1.$anonfun$compose$1(Function1.scala:49)[0m
[0m[[0m[31merror[0m] [0m[0m	at sbt.internal.util.$tilde$greater.$anonfun$$u2219$1(TypeFunctions.scala:63)[0m
[0m[[0m[31merror[0m] [0m[0m	at sbt.std.Transform$$anon$4.work(Transform.scala:69)[0m
[0m[[0m[31merror[0m] [0m[0m	at sbt.Execute.$anonfun$submit$2(Execute.scala:283)[0m
[0m[[0m[31merror[0m] [0m[0m	at sbt.internal.util.ErrorHandling$.wideConvert(ErrorHandling.scala:24)[0m
[0m[[0m[31merror[0m] [0m[0m	at sbt.Execute.work(Execute.scala:292)[0m
[0m[[0m[31merror[0m] [0m[0m	at sbt.Execute.$anonfun$submit$1(Execute.scala:283)[0m
[0m[[0m[31merror[0m] [0m[0m	at sbt.ConcurrentRestrictions$$anon$4.$anonfun$submitValid$1(ConcurrentRestrictions.scala:265)[0m
[0m[[0m[31merror[0m] [0m[0m	at sbt.CompletionService$$anon$2.call(CompletionService.scala:65)[0m
[0m[[0m[31merror[0m] [0m[0m	at java.util.concurrent.FutureTask.run(FutureTask.java:266)[0m
[0m[[0m[31merror[0m] [0m[0m	at java.util.concurrent.Executors$RunnableAdapter.call(Executors.java:511)[0m
[0m[[0m[31merror[0m] [0m[0m	at java.util.concurrent.FutureTask.run(FutureTask.java:266)[0m
[0m[[0m[31merror[0m] [0m[0m	at java.util.concurrent.ThreadPoolExecutor.runWorker(ThreadPoolExecutor.java:1149)[0m
[0m[[0m[31merror[0m] [0m[0m	at java.util.concurrent.ThreadPoolExecutor$Worker.run(ThreadPoolExecutor.java:624)[0m
[0m[[0m[31merror[0m] [0m[0m	at java.lang.Thread.run(Thread.java:750)[0m
[0m[[0m[31merror[0m] [0m[0m([31massembly[0m) deduplicate: different file contents found in the following:[0m
[0m[[0m[31merror[0m] [0m[0m/home/phinguyen/.cache/coursier/v1/https/repo1.maven.org/maven2/io/netty/netty-all/4.1.96.Final/netty-all-4.1.96.Final.jar:META-INF/io.netty.versions.properties[0m
[0m[[0m[31merror[0m] [0m[0m/home/phinguyen/.cache/coursier/v1/https/repo1.maven.org/maven2/io/netty/netty-buffer/4.1.96.Final/netty-buffer-4.1.96.Final.jar:META-INF/io.netty.versions.properties[0m
[0m[[0m[31merror[0m] [0m[0m/home/phinguyen/.cache/coursier/v1/https/repo1.maven.org/maven2/io/netty/netty-codec-http/4.1.96.Final/netty-codec-http-4.1.96.Final.jar:META-INF/io.netty.versions.properties[0m
[0m[[0m[31merror[0m] [0m[0m/home/phinguyen/.cache/coursier/v1/https/repo1.maven.org/maven2/io/netty/netty-codec-http2/4.1.96.Final/netty-codec-http2-4.1.96.Final.jar:META-INF/io.netty.versions.properties[0m
[0m[[0m[31merror[0m] [0m[0m/home/phinguyen/.cache/coursier/v1/https/repo1.maven.org/maven2/io/netty/netty-codec-socks/4.1.96.Final/netty-codec-socks-4.1.96.Final.jar:META-INF/io.netty.versions.properties[0m
[0m[[0m[31merror[0m] [0m[0m/home/phinguyen/.cache/coursier/v1/https/repo1.maven.org/maven2/io/netty/netty-codec/4.1.96.Final/netty-codec-4.1.96.Final.jar:META-INF/io.netty.versions.properties[0m
[0m[[0m[31merror[0m] [0m[0m/home/phinguyen/.cache/coursier/v1/https/repo1.maven.org/maven2/io/netty/netty-common/4.1.96.Final/netty-common-4.1.96.Final.jar:META-INF/io.netty.versions.properties[0m
[0m[[0m[31merror[0m] [0m[0m/home/phinguyen/.cache/coursier/v1/https/repo1.maven.org/maven2/io/netty/netty-handler-proxy/4.1.96.Final/netty-handler-proxy-4.1.96.Final.jar:META-INF/io.netty.versions.properties[0m
[0m[[0m[31merror[0m] [0m[0m/home/phinguyen/.cache/coursier/v1/https/repo1.maven.org/maven2/io/netty/netty-handler/4.1.96.Final/netty-handler-4.1.96.Final.jar:META-INF/io.netty.versions.properties[0m
[0m[[0m[31merror[0m] [0m[0m/home/phinguyen/.cache/coursier/v1/https/repo1.maven.org/maven2/io/netty/netty-resolver/4.1.96.Final/netty-resolver-4.1.96.Final.jar:META-INF/io.netty.versions.properties[0m
[0m[[0m[31merror[0m] [0m[0m/home/phinguyen/.cache/coursier/v1/https/repo1.maven.org/maven2/io/netty/netty-transport-classes-epoll/4.1.96.Final/netty-transport-classes-epoll-4.1.96.Final.jar:META-INF/io.netty.versions.properties[0m
[0m[[0m[31merror[0m] [0m[0m/home/phinguyen/.cache/coursier/v1/https/repo1.maven.org/maven2/io/netty/netty-transport-classes-kqueue/4.1.96.Final/netty-transport-classes-kqueue-4.1.96.Final.jar:META-INF/io.netty.versions.properties[0m
[0m[[0m[31merror[0m] [0m[0m/home/phinguyen/.cache/coursier/v1/https/repo1.maven.org/maven2/io/netty/netty-transport-native-epoll/4.1.96.Final/netty-transport-native-epoll-4.1.96.Final-linux-aarch_64.jar:META-INF/io.netty.versions.properties[0m
[0m[[0m[31merror[0m] [0m[0m/home/phinguyen/.cache/coursier/v1/https/repo1.maven.org/maven2/io/netty/netty-transport-native-epoll/4.1.96.Final/netty-transport-native-epoll-4.1.96.Final-linux-x86_64.jar:META-INF/io.netty.versions.properties[0m
[0m[[0m[31merror[0m] [0m[0m/home/phinguyen/.cache/coursier/v1/https/repo1.maven.org/maven2/io/netty/netty-transport-native-epoll/4.1.96.Final/netty-transport-native-epoll-4.1.96.Final.jar:META-INF/io.netty.versions.properties[0m
[0m[[0m[31merror[0m] [0m[0m/home/phinguyen/.cache/coursier/v1/https/repo1.maven.org/maven2/io/netty/netty-transport-native-kqueue/4.1.96.Final/netty-transport-native-kqueue-4.1.96.Final-osx-aarch_64.jar:META-INF/io.netty.versions.properties[0m
[0m[[0m[31merror[0m] [0m[0m/home/phinguyen/.cache/coursier/v1/https/repo1.maven.org/maven2/io/netty/netty-transport-native-kqueue/4.1.96.Final/netty-transport-native-kqueue-4.1.96.Final-osx-x86_64.jar:META-INF/io.netty.versions.properties[0m
[0m[[0m[31merror[0m] [0m[0m/home/phinguyen/.cache/coursier/v1/https/repo1.maven.org/maven2/io/netty/netty-transport-native-unix-common/4.1.96.Final/netty-transport-native-unix-common-4.1.96.Final.jar:META-INF/io.netty.versions.properties[0m
[0m[[0m[31merror[0m] [0m[0m/home/phinguyen/.cache/coursier/v1/https/repo1.maven.org/maven2/io/netty/netty-transport/4.1.96.Final/netty-transport-4.1.96.Final.jar:META-INF/io.netty.versions.properties[0m
[0m[[0m[31merror[0m] [0m[0mdeduplicate: different file contents found in the following:[0m
[0m[[0m[31merror[0m] [0m[0m/home/phinguyen/.cache/coursier/v1/https/repo1.maven.org/maven2/org/apache/logging/log4j/log4j-1.2-api/2.20.0/log4j-1.2-api-2.20.0.jar:META-INF/org/apache/logging/log4j/core/config/plugins/Log4j2Plugins.dat[0m
[0m[[0m[31merror[0m] [0m[0m/home/phinguyen/.cache/coursier/v1/https/repo1.maven.org/maven2/org/apache/logging/log4j/log4j-core/2.20.0/log4j-core-2.20.0.jar:META-INF/org/apache/logging/log4j/core/config/plugins/Log4j2Plugins.dat[0m
[0m[[0m[31merror[0m] [0m[0mdeduplicate: different file contents found in the following:[0m
[0m[[0m[31merror[0m] [0m[0m/home/phinguyen/.cache/coursier/v1/https/repo1.maven.org/maven2/org/apache/datasketches/datasketches-memory/2.1.0/datasketches-memory-2.1.0.jar:META-INF/versions/11/module-info.class[0m
[0m[[0m[31merror[0m] [0m[0m/home/phinguyen/.cache/coursier/v1/https/repo1.maven.org/maven2/org/apache/hadoop/hadoop-client-runtime/3.3.4/hadoop-client-runtime-3.3.4.jar:META-INF/versions/11/module-info.class[0m
[0m[[0m[31merror[0m] [0m[0mdeduplicate: different file contents found in the following:[0m
[0m[[0m[31merror[0m] [0m[0m/home/phinguyen/.cache/coursier/v1/https/repo1.maven.org/maven2/com/fasterxml/jackson/core/jackson-core/2.15.2/jackson-core-2.15.2.jar:META-INF/versions/9/module-info.class[0m
[0m[[0m[31merror[0m] [0m[0m/home/phinguyen/.cache/coursier/v1/https/repo1.maven.org/maven2/com/fasterxml/jackson/core/jackson-databind/2.15.2/jackson-databind-2.15.2.jar:META-INF/versions/9/module-info.class[0m
[0m[[0m[31merror[0m] [0m[0m/home/phinguyen/.cache/coursier/v1/https/repo1.maven.org/maven2/com/fasterxml/jackson/datatype/jackson-datatype-jsr310/2.15.1/jackson-datatype-jsr310-2.15.1.jar:META-INF/versions/9/module-info.class[0m
[0m[[0m[31merror[0m] [0m[0m/home/phinguyen/.cache/coursier/v1/https/repo1.maven.org/maven2/com/google/code/gson/gson/2.10.1/gson-2.10.1.jar:META-INF/versions/9/module-info.class[0m
[0m[[0m[31merror[0m] [0m[0m/home/phinguyen/.cache/coursier/v1/https/repo1.maven.org/maven2/commons-codec/commons-codec/1.16.1/commons-codec-1.16.1.jar:META-INF/versions/9/module-info.class[0m
[0m[[0m[31merror[0m] [0m[0m/home/phinguyen/.cache/coursier/v1/https/repo1.maven.org/maven2/commons-io/commons-io/2.16.1/commons-io-2.16.1.jar:META-INF/versions/9/module-info.class[0m
[0m[[0m[31merror[0m] [0m[0m/home/phinguyen/.cache/coursier/v1/https/repo1.maven.org/maven2/org/apache/logging/log4j/log4j-api/2.20.0/log4j-api-2.20.0.jar:META-INF/versions/9/module-info.class[0m
[0m[[0m[31merror[0m] [0m[0m/home/phinguyen/.cache/coursier/v1/https/repo1.maven.org/maven2/org/apache/parquet/parquet-jackson/1.13.1/parquet-jackson-1.13.1.jar:META-INF/versions/9/module-info.class[0m
[0m[[0m[31merror[0m] [0m[0m/home/phinguyen/.cache/coursier/v1/https/repo1.maven.org/maven2/org/slf4j/jcl-over-slf4j/2.0.7/jcl-over-slf4j-2.0.7.jar:META-INF/versions/9/module-info.class[0m
[0m[[0m[31merror[0m] [0m[0m/home/phinguyen/.cache/coursier/v1/https/repo1.maven.org/maven2/org/slf4j/slf4j-api/2.0.7/slf4j-api-2.0.7.jar:META-INF/versions/9/module-info.class[0m
[0m[[0m[31merror[0m] [0m[0m/home/phinguyen/.cache/coursier/v1/https/repo1.maven.org/maven2/org/tukaani/xz/1.9/xz-1.9.jar:META-INF/versions/9/module-info.class[0m
[0m[[0m[31merror[0m] [0m[0mdeduplicate: different file contents found in the following:[0m
[0m[[0m[31merror[0m] [0m[0m/home/phinguyen/.cache/coursier/v1/https/repo1.maven.org/maven2/org/apache/arrow/arrow-format/12.0.1/arrow-format-12.0.1.jar:arrow-git.properties[0m
[0m[[0m[31merror[0m] [0m[0m/home/phinguyen/.cache/coursier/v1/https/repo1.maven.org/maven2/org/apache/arrow/arrow-memory-core/12.0.1/arrow-memory-core-12.0.1.jar:arrow-git.properties[0m
[0m[[0m[31merror[0m] [0m[0m/home/phinguyen/.cache/coursier/v1/https/repo1.maven.org/maven2/org/apache/arrow/arrow-memory-netty/12.0.1/arrow-memory-netty-12.0.1.jar:arrow-git.properties[0m
[0m[[0m[31merror[0m] [0m[0m/home/phinguyen/.cache/coursier/v1/https/repo1.maven.org/maven2/org/apache/arrow/arrow-vector/12.0.1/arrow-vector-12.0.1.jar:arrow-git.properties[0m
[0m[[0m[31merror[0m] [0m[0mdeduplicate: different file contents found in the following:[0m
[0m[[0m[31merror[0m] [0m[0m/home/phinguyen/.cache/coursier/v1/https/repo1.maven.org/maven2/com/google/protobuf/protobuf-java/3.19.6/protobuf-java-3.19.6.jar:google/protobuf/any.proto[0m
[0m[[0m[31merror[0m] [0m[0m/home/phinguyen/.cache/coursier/v1/https/repo1.maven.org/maven2/org/apache/spark/spark-core_2.12/3.5.2/spark-core_2.12-3.5.2.jar:google/protobuf/any.proto[0m
[0m[[0m[31merror[0m] [0m[0mdeduplicate: different file contents found in the following:[0m
[0m[[0m[31merror[0m] [0m[0m/home/phinguyen/.cache/coursier/v1/https/repo1.maven.org/maven2/com/google/protobuf/protobuf-java/3.19.6/protobuf-java-3.19.6.jar:google/protobuf/api.proto[0m
[0m[[0m[31merror[0m] [0m[0m/home/phinguyen/.cache/coursier/v1/https/repo1.maven.org/maven2/org/apache/spark/spark-core_2.12/3.5.2/spark-core_2.12-3.5.2.jar:google/protobuf/api.proto[0m
[0m[[0m[31merror[0m] [0m[0mdeduplicate: different file contents found in the following:[0m
[0m[[0m[31merror[0m] [0m[0m/home/phinguyen/.cache/coursier/v1/https/repo1.maven.org/maven2/com/google/protobuf/protobuf-java/3.19.6/protobuf-java-3.19.6.jar:google/protobuf/descriptor.proto[0m
[0m[[0m[31merror[0m] [0m[0m/home/phinguyen/.cache/coursier/v1/https/repo1.maven.org/maven2/org/apache/spark/spark-core_2.12/3.5.2/spark-core_2.12-3.5.2.jar:google/protobuf/descriptor.proto[0m
[0m[[0m[31merror[0m] [0m[0mdeduplicate: different file contents found in the following:[0m
[0m[[0m[31merror[0m] [0m[0m/home/phinguyen/.cache/coursier/v1/https/repo1.maven.org/maven2/com/google/protobuf/protobuf-java/3.19.6/protobuf-java-3.19.6.jar:google/protobuf/duration.proto[0m
[0m[[0m[31merror[0m] [0m[0m/home/phinguyen/.cache/coursier/v1/https/repo1.maven.org/maven2/org/apache/spark/spark-core_2.12/3.5.2/spark-core_2.12-3.5.2.jar:google/protobuf/duration.proto[0m
[0m[[0m[31merror[0m] [0m[0mdeduplicate: different file contents found in the following:[0m
[0m[[0m[31merror[0m] [0m[0m/home/phinguyen/.cache/coursier/v1/https/repo1.maven.org/maven2/com/google/protobuf/protobuf-java/3.19.6/protobuf-java-3.19.6.jar:google/protobuf/empty.proto[0m
[0m[[0m[31merror[0m] [0m[0m/home/phinguyen/.cache/coursier/v1/https/repo1.maven.org/maven2/org/apache/spark/spark-core_2.12/3.5.2/spark-core_2.12-3.5.2.jar:google/protobuf/empty.proto[0m
[0m[[0m[31merror[0m] [0m[0mdeduplicate: different file contents found in the following:[0m
[0m[[0m[31merror[0m] [0m[0m/home/phinguyen/.cache/coursier/v1/https/repo1.maven.org/maven2/com/google/protobuf/protobuf-java/3.19.6/protobuf-java-3.19.6.jar:google/protobuf/field_mask.proto[0m
[0m[[0m[31merror[0m] [0m[0m/home/phinguyen/.cache/coursier/v1/https/repo1.maven.org/maven2/org/apache/spark/spark-core_2.12/3.5.2/spark-core_2.12-3.5.2.jar:google/protobuf/field_mask.proto[0m
[0m[[0m[31merror[0m] [0m[0mdeduplicate: different file contents found in the following:[0m
[0m[[0m[31merror[0m] [0m[0m/home/phinguyen/.cache/coursier/v1/https/repo1.maven.org/maven2/com/google/protobuf/protobuf-java/3.19.6/protobuf-java-3.19.6.jar:google/protobuf/source_context.proto[0m
[0m[[0m[31merror[0m] [0m[0m/home/phinguyen/.cache/coursier/v1/https/repo1.maven.org/maven2/org/apache/spark/spark-core_2.12/3.5.2/spark-core_2.12-3.5.2.jar:google/protobuf/source_context.proto[0m
[0m[[0m[31merror[0m] [0m[0mdeduplicate: different file contents found in the following:[0m
[0m[[0m[31merror[0m] [0m[0m/home/phinguyen/.cache/coursier/v1/https/repo1.maven.org/maven2/com/google/protobuf/protobuf-java/3.19.6/protobuf-java-3.19.6.jar:google/protobuf/struct.proto[0m
[0m[[0m[31merror[0m] [0m[0m/home/phinguyen/.cache/coursier/v1/https/repo1.maven.org/maven2/org/apache/spark/spark-core_2.12/3.5.2/spark-core_2.12-3.5.2.jar:google/protobuf/struct.proto[0m
[0m[[0m[31merror[0m] [0m[0mdeduplicate: different file contents found in the following:[0m
[0m[[0m[31merror[0m] [0m[0m/home/phinguyen/.cache/coursier/v1/https/repo1.maven.org/maven2/com/google/protobuf/protobuf-java/3.19.6/protobuf-java-3.19.6.jar:google/protobuf/timestamp.proto[0m
[0m[[0m[31merror[0m] [0m[0m/home/phinguyen/.cache/coursier/v1/https/repo1.maven.org/maven2/org/apache/spark/spark-core_2.12/3.5.2/spark-core_2.12-3.5.2.jar:google/protobuf/timestamp.proto[0m
[0m[[0m[31merror[0m] [0m[0mdeduplicate: different file contents found in the following:[0m
[0m[[0m[31merror[0m] [0m[0m/home/phinguyen/.cache/coursier/v1/https/repo1.maven.org/maven2/com/google/protobuf/protobuf-java/3.19.6/protobuf-java-3.19.6.jar:google/protobuf/type.proto[0m
[0m[[0m[31merror[0m] [0m[0m/home/phinguyen/.cache/coursier/v1/https/repo1.maven.org/maven2/org/apache/spark/spark-core_2.12/3.5.2/spark-core_2.12-3.5.2.jar:google/protobuf/type.proto[0m
[0m[[0m[31merror[0m] [0m[0mdeduplicate: different file contents found in the following:[0m
[0m[[0m[31merror[0m] [0m[0m/home/phinguyen/.cache/coursier/v1/https/repo1.maven.org/maven2/com/google/protobuf/protobuf-java/3.19.6/protobuf-java-3.19.6.jar:google/protobuf/wrappers.proto[0m
[0m[[0m[31merror[0m] [0m[0m/home/phinguyen/.cache/coursier/v1/https/repo1.maven.org/maven2/org/apache/spark/spark-core_2.12/3.5.2/spark-core_2.12-3.5.2.jar:google/protobuf/wrappers.proto[0m
[0m[[0m[31merror[0m] [0m[0mdeduplicate: different file contents found in the following:[0m
[0m[[0m[31merror[0m] [0m[0m/home/phinguyen/.cache/coursier/v1/https/repo1.maven.org/maven2/com/fasterxml/jackson/core/jackson-annotations/2.15.2/jackson-annotations-2.15.2.jar:module-info.class[0m
[0m[[0m[31merror[0m] [0m[0m/home/phinguyen/.cache/coursier/v1/https/repo1.maven.org/maven2/com/ning/compress-lzf/1.1.2/compress-lzf-1.1.2.jar:module-info.class[0m
[0m[[0m[31merror[0m] [0m[0m/home/phinguyen/.cache/coursier/v1/https/repo1.maven.org/maven2/jakarta/ws/rs/jakarta.ws.rs-api/2.1.6/jakarta.ws.rs-api-2.1.6.jar:module-info.class[0m
[0m[[0m[31merror[0m] [0m[0m/home/phinguyen/.cache/coursier/v1/https/repo1.maven.org/maven2/org/threeten/threeten-extra/1.7.1/threeten-extra-1.7.1.jar:module-info.class[0m
[0m[[0m[31merror[0m] [0m[0mdeduplicate: different file contents found in the following:[0m
[0m[[0m[31merror[0m] [0m[0m/home/phinguyen/.cache/coursier/v1/https/repo1.maven.org/maven2/commons-logging/commons-logging/1.1.3/commons-logging-1.1.3.jar:org/apache/commons/logging/Log.class[0m
[0m[[0m[31merror[0m] [0m[0m/home/phinguyen/.cache/coursier/v1/https/repo1.maven.org/maven2/org/slf4j/jcl-over-slf4j/2.0.7/jcl-over-slf4j-2.0.7.jar:org/apache/commons/logging/Log.class[0m
[0m[[0m[31merror[0m] [0m[0mdeduplicate: different file contents found in the following:[0m
[0m[[0m[31merror[0m] [0m[0m/home/phinguyen/.cache/coursier/v1/https/repo1.maven.org/maven2/commons-logging/commons-logging/1.1.3/commons-logging-1.1.3.jar:org/apache/commons/logging/LogConfigurationException.class[0m
[0m[[0m[31merror[0m] [0m[0m/home/phinguyen/.cache/coursier/v1/https/repo1.maven.org/maven2/org/slf4j/jcl-over-slf4j/2.0.7/jcl-over-slf4j-2.0.7.jar:org/apache/commons/logging/LogConfigurationException.class[0m
[0m[[0m[31merror[0m] [0m[0mdeduplicate: different file contents found in the following:[0m
[0m[[0m[31merror[0m] [0m[0m/home/phinguyen/.cache/coursier/v1/https/repo1.maven.org/maven2/commons-logging/commons-logging/1.1.3/commons-logging-1.1.3.jar:org/apache/commons/logging/LogFactory.class[0m
[0m[[0m[31merror[0m] [0m[0m/home/phinguyen/.cache/coursier/v1/https/repo1.maven.org/maven2/org/slf4j/jcl-over-slf4j/2.0.7/jcl-over-slf4j-2.0.7.jar:org/apache/commons/logging/LogFactory.class[0m
[0m[[0m[31merror[0m] [0m[0mdeduplicate: different file contents found in the following:[0m
[0m[[0m[31merror[0m] [0m[0m/home/phinguyen/.cache/coursier/v1/https/repo1.maven.org/maven2/commons-logging/commons-logging/1.1.3/commons-logging-1.1.3.jar:org/apache/commons/logging/impl/NoOpLog.class[0m
[0m[[0m[31merror[0m] [0m[0m/home/phinguyen/.cache/coursier/v1/https/repo1.maven.org/maven2/org/slf4j/jcl-over-slf4j/2.0.7/jcl-over-slf4j-2.0.7.jar:org/apache/commons/logging/impl/NoOpLog.class[0m
[0m[[0m[31merror[0m] [0m[0mdeduplicate: different file contents found in the following:[0m
[0m[[0m[31merror[0m] [0m[0m/home/phinguyen/.cache/coursier/v1/https/repo1.maven.org/maven2/commons-logging/commons-logging/1.1.3/commons-logging-1.1.3.jar:org/apache/commons/logging/impl/SimpleLog.class[0m
[0m[[0m[31merror[0m] [0m[0m/home/phinguyen/.cache/coursier/v1/https/repo1.maven.org/maven2/org/slf4j/jcl-over-slf4j/2.0.7/jcl-over-slf4j-2.0.7.jar:org/apache/commons/logging/impl/SimpleLog.class[0m
[0m[[0m[31merror[0m] [0m[0mTotal time: 4 s, completed Sep 26, 2024 5:05:31 PM[0m
[0m[[0m[0mdebug[0m] [0m[0m> Exec(idea-shell, None, None)[0m
